<?xml version="1.0" encoding="UTF-8"?>
<coverage generated="1708681663013" clover="3.2.0">
  <project timestamp="1708681663013" name="All files">
    <metrics statements="184" coveredstatements="134" conditionals="32" coveredconditionals="11" methods="35" coveredmethods="16" elements="251" coveredelements="161" complexity="0" loc="184" ncloc="184" packages="2" files="4" classes="4"/>
    <package name="app.tableCore.src.modules">
      <metrics statements="145" coveredstatements="117" conditionals="24" coveredconditionals="9" methods="20" coveredmethods="13"/>
      <file name="Table.ts" path="C:\Users\Admin\Desktop\JS\libraryTable2.0\app\tableCore\src\modules\Table.ts">
        <metrics statements="145" coveredstatements="117" conditionals="24" coveredconditionals="9" methods="20" coveredmethods="13"/>
        <line num="12" count="1" type="stmt"/>
        <line num="13" count="1" type="stmt"/>
        <line num="14" count="1" type="stmt"/>
        <line num="376" count="1" type="stmt"/>
        <line num="386" count="20" type="stmt"/>
        <line num="387" count="20" type="stmt"/>
        <line num="388" count="20" type="stmt"/>
        <line num="389" count="20" type="stmt"/>
        <line num="390" count="20" type="stmt"/>
        <line num="391" count="20" type="stmt"/>
        <line num="392" count="20" type="stmt"/>
        <line num="396" count="4" type="stmt"/>
        <line num="398" count="4" type="stmt"/>
        <line num="399" count="4" type="stmt"/>
        <line num="400" count="4" type="stmt"/>
        <line num="401" count="4" type="stmt"/>
        <line num="402" count="4" type="stmt"/>
        <line num="404" count="4" type="stmt"/>
        <line num="405" count="4" type="stmt"/>
        <line num="406" count="4" type="stmt"/>
        <line num="408" count="4" type="stmt"/>
        <line num="409" count="4" type="stmt"/>
        <line num="410" count="4" type="stmt"/>
        <line num="412" count="4" type="stmt"/>
        <line num="413" count="4" type="stmt"/>
        <line num="415" count="4" type="stmt"/>
        <line num="416" count="4" type="stmt"/>
        <line num="417" count="4" type="stmt"/>
        <line num="419" count="4" type="stmt"/>
        <line num="420" count="1" type="cond" truecount="1" falsecount="0"/>
        <line num="421" count="1" type="stmt"/>
        <line num="424" count="4" type="stmt"/>
        <line num="425" count="1" type="cond" truecount="1" falsecount="0"/>
        <line num="426" count="1" type="stmt"/>
        <line num="429" count="4" type="stmt"/>
        <line num="430" count="2" type="stmt"/>
        <line num="433" count="4" type="stmt"/>
        <line num="434" count="0" type="stmt"/>
        <line num="435" count="0" type="stmt"/>
        <line num="438" count="4" type="stmt"/>
        <line num="440" count="4" type="stmt"/>
        <line num="442" count="4" type="stmt"/>
        <line num="444" count="4" type="stmt"/>
        <line num="445" count="0" type="cond" truecount="0" falsecount="1"/>
        <line num="446" count="0" type="cond" truecount="0" falsecount="2"/>
        <line num="447" count="0" type="stmt"/>
        <line num="448" count="0" type="cond" truecount="0" falsecount="1"/>
        <line num="449" count="0" type="stmt"/>
        <line num="452" count="0" type="stmt"/>
        <line num="453" count="0" type="stmt"/>
        <line num="454" count="0" type="stmt"/>
        <line num="456" count="0" type="stmt"/>
        <line num="459" count="4" type="stmt"/>
        <line num="460" count="0" type="cond" truecount="0" falsecount="4"/>
        <line num="461" count="0" type="stmt"/>
        <line num="462" count="0" type="stmt"/>
        <line num="463" count="0" type="stmt"/>
        <line num="464" count="0" type="cond" truecount="0" falsecount="3"/>
        <line num="465" count="0" type="stmt"/>
        <line num="466" count="0" type="stmt"/>
        <line num="467" count="0" type="stmt"/>
        <line num="468" count="0" type="stmt"/>
        <line num="472" count="4" type="stmt"/>
        <line num="473" count="0" type="stmt"/>
        <line num="474" count="0" type="stmt"/>
        <line num="475" count="0" type="stmt"/>
        <line num="478" count="4" type="stmt"/>
        <line num="480" count="4" type="stmt"/>
        <line num="481" count="4" type="stmt"/>
        <line num="482" count="4" type="stmt"/>
        <line num="483" count="4" type="stmt"/>
        <line num="484" count="4" type="stmt"/>
        <line num="485" count="4" type="stmt"/>
        <line num="486" count="4" type="stmt"/>
        <line num="487" count="4" type="stmt"/>
        <line num="488" count="4" type="stmt"/>
        <line num="489" count="4" type="stmt"/>
        <line num="490" count="4" type="stmt"/>
        <line num="491" count="4" type="stmt"/>
        <line num="492" count="4" type="stmt"/>
        <line num="493" count="4" type="stmt"/>
        <line num="498" count="13" type="stmt"/>
        <line num="499" count="13" type="stmt"/>
        <line num="501" count="13" type="stmt"/>
        <line num="502" count="2" type="stmt"/>
        <line num="505" count="13" type="stmt"/>
        <line num="515" count="13" type="cond" truecount="1" falsecount="0"/>
        <line num="516" count="7" type="stmt"/>
        <line num="517" count="7" type="stmt"/>
        <line num="518" count="7" type="stmt"/>
        <line num="519" count="7" type="stmt"/>
        <line num="520" count="7" type="stmt"/>
        <line num="521" count="7" type="stmt"/>
        <line num="522" count="7" type="stmt"/>
        <line num="523" count="7" type="stmt"/>
        <line num="524" count="7" type="stmt"/>
        <line num="525" count="7" type="stmt"/>
        <line num="526" count="7" type="stmt"/>
        <line num="527" count="7" type="stmt"/>
        <line num="528" count="7" type="stmt"/>
        <line num="529" count="1" type="stmt"/>
        <line num="531" count="7" type="stmt"/>
        <line num="532" count="1" type="stmt"/>
        <line num="534" count="7" type="stmt"/>
        <line num="535" count="1" type="stmt"/>
        <line num="537" count="7" type="stmt"/>
        <line num="538" count="0" type="stmt"/>
        <line num="539" count="0" type="stmt"/>
        <line num="543" count="13" type="stmt"/>
        <line num="544" count="13" type="stmt"/>
        <line num="546" count="13" type="stmt"/>
        <line num="547" count="13" type="stmt"/>
        <line num="548" count="13" type="stmt"/>
        <line num="549" count="13" type="stmt"/>
        <line num="550" count="13" type="cond" truecount="1" falsecount="0"/>
        <line num="551" count="7" type="stmt"/>
        <line num="552" count="7" type="stmt"/>
        <line num="553" count="7" type="stmt"/>
        <line num="554" count="7" type="stmt"/>
        <line num="555" count="7" type="stmt"/>
        <line num="556" count="7" type="stmt"/>
        <line num="557" count="7" type="stmt"/>
        <line num="558" count="7" type="stmt"/>
        <line num="561" count="13" type="stmt"/>
        <line num="563" count="13" type="cond" truecount="1" falsecount="0"/>
        <line num="564" count="7" type="stmt"/>
        <line num="567" count="13" type="stmt"/>
        <line num="568" count="13" type="stmt"/>
        <line num="572" count="3" type="stmt"/>
        <line num="573" count="3" type="stmt"/>
        <line num="574" count="3" type="stmt"/>
        <line num="577" count="20" type="cond" truecount="1" falsecount="0"/>
        <line num="578" count="8" type="stmt"/>
        <line num="579" count="8" type="cond" truecount="1" falsecount="0"/>
        <line num="580" count="2" type="stmt"/>
        <line num="582" count="8" type="cond" truecount="1" falsecount="0"/>
        <line num="583" count="6" type="stmt"/>
        <line num="584" count="6" type="stmt"/>
        <line num="585" count="6" type="cond" truecount="1" falsecount="0"/>
        <line num="586" count="4" type="stmt"/>
        <line num="588" count="6" type="stmt"/>
        <line num="591" count="20" type="stmt"/>
        <line num="592" count="0" type="cond" truecount="0" falsecount="3"/>
        <line num="593" count="0" type="stmt"/>
        <line num="594" count="0" type="stmt"/>
      </file>
    </package>
    <package name="env.helpers">
      <metrics statements="39" coveredstatements="17" conditionals="8" coveredconditionals="2" methods="15" coveredmethods="3"/>
      <file name="appendRemoveChildDOMElements.ts" path="C:\Users\Admin\Desktop\JS\libraryTable2.0\env\helpers\appendRemoveChildDOMElements.ts">
        <metrics statements="8" coveredstatements="5" conditionals="4" coveredconditionals="0" methods="2" coveredmethods="1"/>
        <line num="2" count="1" type="stmt"/>
        <line num="3" count="141" type="cond" truecount="0" falsecount="1"/>
        <line num="4" count="141" type="cond" truecount="0" falsecount="1"/>
        <line num="5" count="141" type="stmt"/>
        <line num="8" count="1" type="stmt"/>
        <line num="9" count="0" type="cond" truecount="0" falsecount="1"/>
        <line num="10" count="0" type="cond" truecount="0" falsecount="1"/>
        <line num="11" count="0" type="stmt"/>
      </file>
      <file name="createDOMElements.ts" path="C:\Users\Admin\Desktop\JS\libraryTable2.0\env\helpers\createDOMElements.ts">
        <metrics statements="14" coveredstatements="8" conditionals="4" coveredconditionals="2" methods="2" coveredmethods="1"/>
        <line num="1" count="2" type="cond" truecount="1" falsecount="0"/>
        <line num="2" count="162" type="stmt"/>
        <line num="4" count="162" type="cond" truecount="1" falsecount="0"/>
        <line num="5" count="162" type="stmt"/>
        <line num="6" count="176" type="stmt"/>
        <line num="7" count="176" type="stmt"/>
        <line num="11" count="162" type="stmt"/>
        <line num="14" count="2" type="cond" truecount="0" falsecount="1"/>
        <line num="15" count="0" type="stmt"/>
        <line num="17" count="0" type="cond" truecount="0" falsecount="1"/>
        <line num="18" count="0" type="stmt"/>
        <line num="19" count="0" type="stmt"/>
        <line num="20" count="0" type="stmt"/>
        <line num="24" count="0" type="stmt"/>
      </file>
      <file name="observable.ts" path="C:\Users\Admin\Desktop\JS\libraryTable2.0\env\helpers\observable.ts">
        <metrics statements="17" coveredstatements="4" conditionals="0" coveredconditionals="0" methods="11" coveredmethods="1"/>
        <line num="3" count="1" type="stmt"/>
        <line num="9" count="100" type="stmt"/>
        <line num="10" count="100" type="stmt"/>
        <line num="11" count="100" type="stmt"/>
        <line num="15" count="0" type="stmt"/>
        <line num="17" count="0" type="stmt"/>
        <line num="19" count="0" type="stmt"/>
        <line num="25" count="0" type="stmt"/>
        <line num="26" count="0" type="stmt"/>
        <line num="27" count="0" type="stmt"/>
        <line num="29" count="0" type="stmt"/>
        <line num="30" count="0" type="stmt"/>
        <line num="32" count="0" type="stmt"/>
        <line num="35" count="0" type="stmt"/>
        <line num="38" count="0" type="stmt"/>
        <line num="41" count="0" type="stmt"/>
        <line num="44" count="0" type="stmt"/>
      </file>
    </package>
  </project>
</coverage>
