{"C:\\Users\\Admin\\Desktop\\JS\\libraryTable2.0\\app\\tableCore\\src\\modules\\Table.ts": {"path":"C:\\Users\\Admin\\Desktop\\JS\\libraryTable2.0\\app\\tableCore\\src\\modules\\Table.ts","statementMap":{"0":{"start":{"line":12,"column":0},"end":{"line":12,"column":62}},"1":{"start":{"line":13,"column":0},"end":{"line":13,"column":72}},"2":{"start":{"line":14,"column":0},"end":{"line":14,"column":81}},"3":{"start":{"line":577,"column":12},"end":{"line":590,"column":6}},"4":{"start":{"line":578,"column":41},"end":{"line":578,"column":68}},"5":{"start":{"line":579,"column":8},"end":{"line":581,"column":9}},"6":{"start":{"line":580,"column":12},"end":{"line":580,"column":null}},"7":{"start":{"line":582,"column":8},"end":{"line":589,"column":9}},"8":{"start":{"line":583,"column":12},"end":{"line":583,"column":53}},"9":{"start":{"line":584,"column":27},"end":{"line":584,"column":82}},"10":{"start":{"line":585,"column":12},"end":{"line":587,"column":13}},"11":{"start":{"line":586,"column":16},"end":{"line":586,"column":null}},"12":{"start":{"line":588,"column":12},"end":{"line":588,"column":59}},"13":{"start":{"line":591,"column":12},"end":{"line":596,"column":6}},"14":{"start":{"line":592,"column":8},"end":{"line":595,"column":9}},"15":{"start":{"line":593,"column":12},"end":{"line":593,"column":35}},"16":{"start":{"line":594,"column":12},"end":{"line":594,"column":35}},"17":{"start":{"line":386,"column":8},"end":{"line":386,"column":null}},"18":{"start":{"line":387,"column":8},"end":{"line":387,"column":null}},"19":{"start":{"line":388,"column":8},"end":{"line":388,"column":null}},"20":{"start":{"line":389,"column":8},"end":{"line":389,"column":null}},"21":{"start":{"line":390,"column":8},"end":{"line":390,"column":null}},"22":{"start":{"line":391,"column":8},"end":{"line":391,"column":null}},"23":{"start":{"line":392,"column":8},"end":{"line":392,"column":null}},"24":{"start":{"line":396,"column":32},"end":{"line":396,"column":51}},"25":{"start":{"line":398,"column":41},"end":{"line":398,"column":73}},"26":{"start":{"line":399,"column":36},"end":{"line":399,"column":70}},"27":{"start":{"line":400,"column":44},"end":{"line":400,"column":96}},"28":{"start":{"line":401,"column":44},"end":{"line":401,"column":95}},"29":{"start":{"line":402,"column":47},"end":{"line":402,"column":91}},"30":{"start":{"line":404,"column":40},"end":{"line":404,"column":77}},"31":{"start":{"line":405,"column":40},"end":{"line":405,"column":77}},"32":{"start":{"line":406,"column":43},"end":{"line":406,"column":83}},"33":{"start":{"line":408,"column":42},"end":{"line":408,"column":82}},"34":{"start":{"line":409,"column":43},"end":{"line":409,"column":85}},"35":{"start":{"line":410,"column":45},"end":{"line":410,"column":89}},"36":{"start":{"line":412,"column":49},"end":{"line":412,"column":131}},"37":{"start":{"line":413,"column":50},"end":{"line":413,"column":133}},"38":{"start":{"line":415,"column":8},"end":{"line":415,"column":456}},"39":{"start":{"line":416,"column":8},"end":{"line":416,"column":457}},"40":{"start":{"line":417,"column":8},"end":{"line":417,"column":549}},"41":{"start":{"line":419,"column":8},"end":{"line":423,"column":10}},"42":{"start":{"line":420,"column":12},"end":{"line":422,"column":13}},"43":{"start":{"line":421,"column":16},"end":{"line":421,"column":null}},"44":{"start":{"line":424,"column":8},"end":{"line":428,"column":10}},"45":{"start":{"line":425,"column":12},"end":{"line":427,"column":13}},"46":{"start":{"line":426,"column":16},"end":{"line":426,"column":null}},"47":{"start":{"line":429,"column":8},"end":{"line":431,"column":10}},"48":{"start":{"line":430,"column":12},"end":{"line":430,"column":null}},"49":{"start":{"line":433,"column":8},"end":{"line":436,"column":11}},"50":{"start":{"line":434,"column":12},"end":{"line":434,"column":77}},"51":{"start":{"line":435,"column":12},"end":{"line":435,"column":78}},"52":{"start":{"line":438,"column":8},"end":{"line":438,"column":44}},"53":{"start":{"line":440,"column":34},"end":{"line":440,"column":39}},"54":{"start":{"line":442,"column":32},"end":{"line":442,"column":33}},"55":{"start":{"line":444,"column":28},"end":{"line":457,"column":9}},"56":{"start":{"line":445,"column":12},"end":{"line":450,"column":17}},"57":{"start":{"line":446,"column":16},"end":{"line":450,"column":17}},"58":{"start":{"line":447,"column":20},"end":{"line":447,"column":null}},"59":{"start":{"line":448,"column":23},"end":{"line":450,"column":17}},"60":{"start":{"line":449,"column":20},"end":{"line":449,"column":null}},"61":{"start":{"line":452,"column":12},"end":{"line":452,"column":30}},"62":{"start":{"line":453,"column":12},"end":{"line":453,"column":null}},"63":{"start":{"line":454,"column":12},"end":{"line":454,"column":61}},"64":{"start":{"line":456,"column":12},"end":{"line":456,"column":38}},"65":{"start":{"line":459,"column":29},"end":{"line":470,"column":9}},"66":{"start":{"line":460,"column":12},"end":{"line":469,"column":13}},"67":{"start":{"line":461,"column":36},"end":{"line":461,"column":80}},"68":{"start":{"line":462,"column":16},"end":{"line":462,"column":46}},"69":{"start":{"line":463,"column":16},"end":{"line":463,"column":42}},"70":{"start":{"line":464,"column":19},"end":{"line":469,"column":13}},"71":{"start":{"line":465,"column":39},"end":{"line":465,"column":140}},"72":{"start":{"line":466,"column":36},"end":{"line":466,"column":81}},"73":{"start":{"line":467,"column":16},"end":{"line":467,"column":47}},"74":{"start":{"line":468,"column":16},"end":{"line":468,"column":42}},"75":{"start":{"line":472,"column":27},"end":{"line":476,"column":9}},"76":{"start":{"line":473,"column":12},"end":{"line":473,"column":31}},"77":{"start":{"line":474,"column":12},"end":{"line":474,"column":null}},"78":{"start":{"line":475,"column":12},"end":{"line":475,"column":64}},"79":{"start":{"line":478,"column":8},"end":{"line":478,"column":55}},"80":{"start":{"line":478,"column":36},"end":{"line":478,"column":54}},"81":{"start":{"line":480,"column":8},"end":{"line":480,"column":52}},"82":{"start":{"line":481,"column":8},"end":{"line":481,"column":53}},"83":{"start":{"line":482,"column":8},"end":{"line":482,"column":50}},"84":{"start":{"line":483,"column":8},"end":{"line":483,"column":51}},"85":{"start":{"line":484,"column":8},"end":{"line":484,"column":56}},"86":{"start":{"line":485,"column":8},"end":{"line":485,"column":58}},"87":{"start":{"line":486,"column":8},"end":{"line":486,"column":52}},"88":{"start":{"line":487,"column":8},"end":{"line":487,"column":52}},"89":{"start":{"line":488,"column":8},"end":{"line":488,"column":51}},"90":{"start":{"line":489,"column":8},"end":{"line":489,"column":43}},"91":{"start":{"line":490,"column":8},"end":{"line":490,"column":51}},"92":{"start":{"line":491,"column":8},"end":{"line":491,"column":54}},"93":{"start":{"line":492,"column":8},"end":{"line":492,"column":37}},"94":{"start":{"line":493,"column":8},"end":{"line":493,"column":null}},"95":{"start":{"line":498,"column":32},"end":{"line":498,"column":51}},"96":{"start":{"line":499,"column":28},"end":{"line":499,"column":60}},"97":{"start":{"line":501,"column":8},"end":{"line":503,"column":11}},"98":{"start":{"line":502,"column":12},"end":{"line":502,"column":36}},"99":{"start":{"line":505,"column":36},"end":{"line":505,"column":70}},"100":{"start":{"line":515,"column":8},"end":{"line":541,"column":9}},"101":{"start":{"line":516,"column":12},"end":{"line":516,"column":84}},"102":{"start":{"line":517,"column":12},"end":{"line":517,"column":81}},"103":{"start":{"line":518,"column":12},"end":{"line":518,"column":79}},"104":{"start":{"line":519,"column":12},"end":{"line":519,"column":65}},"105":{"start":{"line":520,"column":12},"end":{"line":520,"column":65}},"106":{"start":{"line":521,"column":12},"end":{"line":521,"column":71}},"107":{"start":{"line":522,"column":12},"end":{"line":522,"column":65}},"108":{"start":{"line":523,"column":12},"end":{"line":523,"column":67}},"109":{"start":{"line":524,"column":12},"end":{"line":524,"column":71}},"110":{"start":{"line":525,"column":12},"end":{"line":525,"column":457}},"111":{"start":{"line":526,"column":12},"end":{"line":526,"column":458}},"112":{"start":{"line":527,"column":12},"end":{"line":527,"column":550}},"113":{"start":{"line":528,"column":12},"end":{"line":530,"column":14}},"114":{"start":{"line":529,"column":16},"end":{"line":529,"column":60}},"115":{"start":{"line":531,"column":12},"end":{"line":533,"column":14}},"116":{"start":{"line":532,"column":16},"end":{"line":532,"column":59}},"117":{"start":{"line":534,"column":12},"end":{"line":536,"column":14}},"118":{"start":{"line":535,"column":16},"end":{"line":535,"column":39}},"119":{"start":{"line":537,"column":12},"end":{"line":540,"column":15}},"120":{"start":{"line":538,"column":16},"end":{"line":538,"column":81}},"121":{"start":{"line":539,"column":16},"end":{"line":539,"column":88}},"122":{"start":{"line":543,"column":8},"end":{"line":543,"column":null}},"123":{"start":{"line":544,"column":8},"end":{"line":544,"column":42}},"124":{"start":{"line":546,"column":8},"end":{"line":546,"column":null}},"125":{"start":{"line":546,"column":44},"end":{"line":546,"column":72}},"126":{"start":{"line":547,"column":8},"end":{"line":547,"column":42}},"127":{"start":{"line":548,"column":8},"end":{"line":548,"column":40}},"128":{"start":{"line":549,"column":8},"end":{"line":549,"column":50}},"129":{"start":{"line":550,"column":8},"end":{"line":559,"column":9}},"130":{"start":{"line":551,"column":12},"end":{"line":551,"column":57}},"131":{"start":{"line":552,"column":12},"end":{"line":552,"column":62}},"132":{"start":{"line":553,"column":12},"end":{"line":553,"column":51}},"133":{"start":{"line":554,"column":12},"end":{"line":554,"column":52}},"134":{"start":{"line":555,"column":12},"end":{"line":555,"column":56}},"135":{"start":{"line":556,"column":12},"end":{"line":556,"column":56}},"136":{"start":{"line":557,"column":12},"end":{"line":557,"column":58}},"137":{"start":{"line":558,"column":12},"end":{"line":558,"column":55}},"138":{"start":{"line":561,"column":8},"end":{"line":561,"column":43}},"139":{"start":{"line":563,"column":8},"end":{"line":565,"column":9}},"140":{"start":{"line":564,"column":12},"end":{"line":564,"column":55}},"141":{"start":{"line":567,"column":8},"end":{"line":567,"column":37}},"142":{"start":{"line":568,"column":8},"end":{"line":568,"column":null}},"143":{"start":{"line":572,"column":32},"end":{"line":572,"column":68}},"144":{"start":{"line":573,"column":8},"end":{"line":573,"column":38}},"145":{"start":{"line":574,"column":8},"end":{"line":574,"column":null}},"146":{"start":{"line":376,"column":0},"end":{"line":376,"column":13}}},"fnMap":{"0":{"name":"(anonymous_0)","decl":{"start":{"line":385,"column":4},"end":{"line":385,"column":16}},"loc":{"start":{"line":385,"column":62},"end":{"line":393,"column":5}}},"1":{"name":"(anonymous_1)","decl":{"start":{"line":577,"column":25},"end":{"line":577,"column":26}},"loc":{"start":{"line":577,"column":71},"end":{"line":590,"column":5}}},"2":{"name":"(anonymous_2)","decl":{"start":{"line":591,"column":36},"end":{"line":591,"column":37}},"loc":{"start":{"line":591,"column":67},"end":{"line":596,"column":5}}},"3":{"name":"(anonymous_3)","decl":{"start":{"line":395,"column":4},"end":{"line":395,"column":12}},"loc":{"start":{"line":395,"column":12},"end":{"line":494,"column":5}}},"4":{"name":"(anonymous_4)","decl":{"start":{"line":419,"column":33},"end":{"line":419,"column":36}},"loc":{"start":{"line":419,"column":38},"end":{"line":423,"column":9}}},"5":{"name":"(anonymous_5)","decl":{"start":{"line":424,"column":34},"end":{"line":424,"column":37}},"loc":{"start":{"line":424,"column":39},"end":{"line":428,"column":9}}},"6":{"name":"(anonymous_6)","decl":{"start":{"line":429,"column":36},"end":{"line":429,"column":39}},"loc":{"start":{"line":429,"column":41},"end":{"line":431,"column":9}}},"7":{"name":"(anonymous_7)","decl":{"start":{"line":433,"column":56},"end":{"line":433,"column":65}},"loc":{"start":{"line":433,"column":67},"end":{"line":436,"column":9}}},"8":{"name":"(anonymous_8)","decl":{"start":{"line":444,"column":28},"end":{"line":444,"column":29}},"loc":{"start":{"line":444,"column":56},"end":{"line":457,"column":9}}},"9":{"name":"(anonymous_9)","decl":{"start":{"line":459,"column":29},"end":{"line":459,"column":30}},"loc":{"start":{"line":459,"column":57},"end":{"line":470,"column":9}}},"10":{"name":"(anonymous_10)","decl":{"start":{"line":472,"column":27},"end":{"line":472,"column":36}},"loc":{"start":{"line":472,"column":38},"end":{"line":476,"column":9}}},"11":{"name":"(anonymous_11)","decl":{"start":{"line":478,"column":25},"end":{"line":478,"column":26}},"loc":{"start":{"line":478,"column":36},"end":{"line":478,"column":54}}},"12":{"name":"(anonymous_12)","decl":{"start":{"line":496,"column":4},"end":{"line":496,"column":12}},"loc":{"start":{"line":496,"column":12},"end":{"line":569,"column":5}}},"13":{"name":"(anonymous_13)","decl":{"start":{"line":501,"column":49},"end":{"line":501,"column":50}},"loc":{"start":{"line":501,"column":59},"end":{"line":503,"column":9}}},"14":{"name":"(anonymous_14)","decl":{"start":{"line":528,"column":34},"end":{"line":528,"column":37}},"loc":{"start":{"line":528,"column":39},"end":{"line":530,"column":13}}},"15":{"name":"(anonymous_15)","decl":{"start":{"line":531,"column":35},"end":{"line":531,"column":38}},"loc":{"start":{"line":531,"column":40},"end":{"line":533,"column":13}}},"16":{"name":"(anonymous_16)","decl":{"start":{"line":534,"column":37},"end":{"line":534,"column":40}},"loc":{"start":{"line":534,"column":42},"end":{"line":536,"column":13}}},"17":{"name":"(anonymous_17)","decl":{"start":{"line":537,"column":60},"end":{"line":537,"column":69}},"loc":{"start":{"line":537,"column":71},"end":{"line":540,"column":13}}},"18":{"name":"(anonymous_18)","decl":{"start":{"line":546,"column":26},"end":{"line":546,"column":27}},"loc":{"start":{"line":546,"column":44},"end":{"line":546,"column":72}}},"19":{"name":"(anonymous_19)","decl":{"start":{"line":571,"column":4},"end":{"line":571,"column":12}},"loc":{"start":{"line":571,"column":12},"end":{"line":575,"column":5}}}},"branchMap":{"0":{"loc":{"start":{"line":385,"column":33},"end":{"line":385,"column":62}},"type":"default-arg","locations":[{"start":{"line":385,"column":57},"end":{"line":385,"column":62}}]},"1":{"loc":{"start":{"line":577,"column":40},"end":{"line":577,"column":61}},"type":"default-arg","locations":[{"start":{"line":577,"column":56},"end":{"line":577,"column":61}}]},"2":{"loc":{"start":{"line":579,"column":8},"end":{"line":581,"column":9}},"type":"if","locations":[{"start":{"line":579,"column":8},"end":{"line":581,"column":9}}]},"3":{"loc":{"start":{"line":582,"column":8},"end":{"line":589,"column":9}},"type":"if","locations":[{"start":{"line":582,"column":8},"end":{"line":589,"column":9}}]},"4":{"loc":{"start":{"line":585,"column":12},"end":{"line":587,"column":13}},"type":"if","locations":[{"start":{"line":585,"column":12},"end":{"line":587,"column":13}}]},"5":{"loc":{"start":{"line":592,"column":8},"end":{"line":595,"column":9}},"type":"if","locations":[{"start":{"line":592,"column":8},"end":{"line":595,"column":9}}]},"6":{"loc":{"start":{"line":592,"column":12},"end":{"line":592,"column":52}},"type":"binary-expr","locations":[{"start":{"line":592,"column":12},"end":{"line":592,"column":33}},{"start":{"line":592,"column":37},"end":{"line":592,"column":52}}]},"7":{"loc":{"start":{"line":420,"column":12},"end":{"line":422,"column":13}},"type":"if","locations":[{"start":{"line":420,"column":12},"end":{"line":422,"column":13}}]},"8":{"loc":{"start":{"line":425,"column":12},"end":{"line":427,"column":13}},"type":"if","locations":[{"start":{"line":425,"column":12},"end":{"line":427,"column":13}}]},"9":{"loc":{"start":{"line":445,"column":12},"end":{"line":450,"column":17}},"type":"if","locations":[{"start":{"line":445,"column":12},"end":{"line":450,"column":17}}]},"10":{"loc":{"start":{"line":446,"column":16},"end":{"line":450,"column":17}},"type":"if","locations":[{"start":{"line":446,"column":16},"end":{"line":450,"column":17}},{"start":{"line":448,"column":23},"end":{"line":450,"column":17}}]},"11":{"loc":{"start":{"line":448,"column":23},"end":{"line":450,"column":17}},"type":"if","locations":[{"start":{"line":448,"column":23},"end":{"line":450,"column":17}}]},"12":{"loc":{"start":{"line":460,"column":12},"end":{"line":469,"column":13}},"type":"if","locations":[{"start":{"line":460,"column":12},"end":{"line":469,"column":13}},{"start":{"line":464,"column":19},"end":{"line":469,"column":13}}]},"13":{"loc":{"start":{"line":460,"column":16},"end":{"line":460,"column":51}},"type":"binary-expr","locations":[{"start":{"line":460,"column":16},"end":{"line":460,"column":37}},{"start":{"line":460,"column":41},"end":{"line":460,"column":51}}]},"14":{"loc":{"start":{"line":464,"column":19},"end":{"line":469,"column":13}},"type":"if","locations":[{"start":{"line":464,"column":19},"end":{"line":469,"column":13}}]},"15":{"loc":{"start":{"line":464,"column":23},"end":{"line":464,"column":57}},"type":"binary-expr","locations":[{"start":{"line":464,"column":23},"end":{"line":464,"column":43}},{"start":{"line":464,"column":47},"end":{"line":464,"column":57}}]},"16":{"loc":{"start":{"line":515,"column":8},"end":{"line":541,"column":9}},"type":"if","locations":[{"start":{"line":515,"column":8},"end":{"line":541,"column":9}}]},"17":{"loc":{"start":{"line":550,"column":8},"end":{"line":559,"column":9}},"type":"if","locations":[{"start":{"line":550,"column":8},"end":{"line":559,"column":9}}]},"18":{"loc":{"start":{"line":563,"column":8},"end":{"line":565,"column":9}},"type":"if","locations":[{"start":{"line":563,"column":8},"end":{"line":565,"column":9}}]}},"s":{"0":1,"1":1,"2":1,"3":20,"4":8,"5":8,"6":2,"7":8,"8":6,"9":6,"10":6,"11":4,"12":6,"13":20,"14":0,"15":0,"16":0,"17":20,"18":20,"19":20,"20":20,"21":20,"22":20,"23":20,"24":4,"25":4,"26":4,"27":4,"28":4,"29":4,"30":4,"31":4,"32":4,"33":4,"34":4,"35":4,"36":4,"37":4,"38":4,"39":4,"40":4,"41":4,"42":1,"43":1,"44":4,"45":1,"46":1,"47":4,"48":2,"49":4,"50":0,"51":0,"52":4,"53":4,"54":4,"55":4,"56":0,"57":0,"58":0,"59":0,"60":0,"61":0,"62":0,"63":0,"64":0,"65":4,"66":0,"67":0,"68":0,"69":0,"70":0,"71":0,"72":0,"73":0,"74":0,"75":4,"76":0,"77":0,"78":0,"79":4,"80":0,"81":4,"82":4,"83":4,"84":4,"85":4,"86":4,"87":4,"88":4,"89":4,"90":4,"91":4,"92":4,"93":4,"94":4,"95":13,"96":13,"97":13,"98":2,"99":13,"100":13,"101":7,"102":7,"103":7,"104":7,"105":7,"106":7,"107":7,"108":7,"109":7,"110":7,"111":7,"112":7,"113":7,"114":1,"115":7,"116":1,"117":7,"118":1,"119":7,"120":0,"121":0,"122":13,"123":13,"124":13,"125":2,"126":13,"127":13,"128":13,"129":13,"130":7,"131":7,"132":7,"133":7,"134":7,"135":7,"136":7,"137":7,"138":13,"139":13,"140":7,"141":13,"142":13,"143":3,"144":3,"145":3,"146":1},"f":{"0":20,"1":8,"2":0,"3":4,"4":1,"5":1,"6":2,"7":0,"8":0,"9":0,"10":0,"11":0,"12":13,"13":2,"14":1,"15":1,"16":1,"17":0,"18":2,"19":3},"b":{"0":[0],"1":[6],"2":[2],"3":[6],"4":[4],"5":[0],"6":[0,0],"7":[1],"8":[1],"9":[0],"10":[0,0],"11":[0],"12":[0,0],"13":[0,0],"14":[0],"15":[0,0],"16":[7],"17":[7],"18":[7]}}
,"C:\\Users\\Admin\\Desktop\\JS\\libraryTable2.0\\env\\helpers\\appendRemoveChildDOMElements.ts": {"path":"C:\\Users\\Admin\\Desktop\\JS\\libraryTable2.0\\env\\helpers\\appendRemoveChildDOMElements.ts","statementMap":{"0":{"start":{"line":3,"column":2},"end":{"line":3,"column":48}},"1":{"start":{"line":3,"column":18},"end":{"line":3,"column":48}},"2":{"start":{"line":4,"column":2},"end":{"line":4,"column":44}},"3":{"start":{"line":4,"column":16},"end":{"line":4,"column":44}},"4":{"start":{"line":5,"column":2},"end":{"line":5,"column":33}},"5":{"start":{"line":2,"column":0},"end":{"line":2,"column":16}},"6":{"start":{"line":9,"column":2},"end":{"line":9,"column":48}},"7":{"start":{"line":9,"column":18},"end":{"line":9,"column":48}},"8":{"start":{"line":10,"column":2},"end":{"line":10,"column":44}},"9":{"start":{"line":10,"column":16},"end":{"line":10,"column":44}},"10":{"start":{"line":11,"column":2},"end":{"line":11,"column":33}},"11":{"start":{"line":8,"column":0},"end":{"line":8,"column":16}}},"fnMap":{"0":{"name":"appendChild","decl":{"start":{"line":2,"column":16},"end":{"line":2,"column":27}},"loc":{"start":{"line":2,"column":64},"end":{"line":6,"column":1}}},"1":{"name":"removeChild","decl":{"start":{"line":8,"column":16},"end":{"line":8,"column":27}},"loc":{"start":{"line":8,"column":64},"end":{"line":12,"column":1}}}},"branchMap":{"0":{"loc":{"start":{"line":3,"column":2},"end":{"line":3,"column":48}},"type":"if","locations":[{"start":{"line":3,"column":2},"end":{"line":3,"column":48}}]},"1":{"loc":{"start":{"line":4,"column":2},"end":{"line":4,"column":44}},"type":"if","locations":[{"start":{"line":4,"column":2},"end":{"line":4,"column":44}}]},"2":{"loc":{"start":{"line":9,"column":2},"end":{"line":9,"column":48}},"type":"if","locations":[{"start":{"line":9,"column":2},"end":{"line":9,"column":48}}]},"3":{"loc":{"start":{"line":10,"column":2},"end":{"line":10,"column":44}},"type":"if","locations":[{"start":{"line":10,"column":2},"end":{"line":10,"column":44}}]}},"s":{"0":141,"1":0,"2":141,"3":0,"4":141,"5":1,"6":0,"7":0,"8":0,"9":0,"10":0,"11":1},"f":{"0":141,"1":0},"b":{"0":[0],"1":[0],"2":[0],"3":[0]}}
,"C:\\Users\\Admin\\Desktop\\JS\\libraryTable2.0\\env\\helpers\\createDOMElements.ts": {"path":"C:\\Users\\Admin\\Desktop\\JS\\libraryTable2.0\\env\\helpers\\createDOMElements.ts","statementMap":{"0":{"start":{"line":2,"column":29},"end":{"line":2,"column":56}},"1":{"start":{"line":4,"column":2},"end":{"line":9,"column":3}},"2":{"start":{"line":5,"column":4},"end":{"line":8,"column":5}},"3":{"start":{"line":5,"column":21},"end":{"line":5,"column":22}},"4":{"start":{"line":6,"column":19},"end":{"line":6,"column":35}},"5":{"start":{"line":7,"column":6},"end":{"line":7,"column":34}},"6":{"start":{"line":11,"column":2},"end":{"line":11,"column":17}},"7":{"start":{"line":1,"column":0},"end":{"line":1,"column":16}},"8":{"start":{"line":15,"column":28},"end":{"line":15,"column":87}},"9":{"start":{"line":17,"column":2},"end":{"line":22,"column":3}},"10":{"start":{"line":18,"column":4},"end":{"line":21,"column":5}},"11":{"start":{"line":18,"column":21},"end":{"line":18,"column":22}},"12":{"start":{"line":19,"column":19},"end":{"line":19,"column":35}},"13":{"start":{"line":20,"column":6},"end":{"line":20,"column":34}},"14":{"start":{"line":24,"column":2},"end":{"line":24,"column":17}},"15":{"start":{"line":14,"column":0},"end":{"line":14,"column":16}}},"fnMap":{"0":{"name":"createElement","decl":{"start":{"line":1,"column":16},"end":{"line":1,"column":29}},"loc":{"start":{"line":1,"column":72},"end":{"line":12,"column":1}}},"1":{"name":"createElementSvg","decl":{"start":{"line":14,"column":16},"end":{"line":14,"column":32}},"loc":{"start":{"line":14,"column":75},"end":{"line":25,"column":1}}}},"branchMap":{"0":{"loc":{"start":{"line":1,"column":43},"end":{"line":1,"column":72}},"type":"default-arg","locations":[{"start":{"line":1,"column":70},"end":{"line":1,"column":72}}]},"1":{"loc":{"start":{"line":4,"column":2},"end":{"line":9,"column":3}},"type":"if","locations":[{"start":{"line":4,"column":2},"end":{"line":9,"column":3}}]},"2":{"loc":{"start":{"line":14,"column":46},"end":{"line":14,"column":75}},"type":"default-arg","locations":[{"start":{"line":14,"column":73},"end":{"line":14,"column":75}}]},"3":{"loc":{"start":{"line":17,"column":2},"end":{"line":22,"column":3}},"type":"if","locations":[{"start":{"line":17,"column":2},"end":{"line":22,"column":3}}]}},"s":{"0":162,"1":162,"2":162,"3":162,"4":176,"5":176,"6":162,"7":2,"8":0,"9":0,"10":0,"11":0,"12":0,"13":0,"14":0,"15":2},"f":{"0":162,"1":0},"b":{"0":[17],"1":[162],"2":[0],"3":[0]}}
,"C:\\Users\\Admin\\Desktop\\JS\\libraryTable2.0\\env\\helpers\\observable.ts": {"path":"C:\\Users\\Admin\\Desktop\\JS\\libraryTable2.0\\env\\helpers\\observable.ts","statementMap":{"0":{"start":{"line":9,"column":4},"end":{"line":9,"column":null}},"1":{"start":{"line":10,"column":4},"end":{"line":10,"column":24}},"2":{"start":{"line":11,"column":4},"end":{"line":11,"column":null}},"3":{"start":{"line":15,"column":4},"end":{"line":15,"column":34}},"4":{"start":{"line":17,"column":4},"end":{"line":21,"column":6}},"5":{"start":{"line":19,"column":8},"end":{"line":19,"column":82}},"6":{"start":{"line":19,"column":59},"end":{"line":19,"column":80}},"7":{"start":{"line":25,"column":4},"end":{"line":25,"column":27}},"8":{"start":{"line":26,"column":4},"end":{"line":28,"column":7}},"9":{"start":{"line":27,"column":6},"end":{"line":27,"column":26}},"10":{"start":{"line":29,"column":4},"end":{"line":31,"column":null}},"11":{"start":{"line":30,"column":6},"end":{"line":30,"column":26}},"12":{"start":{"line":32,"column":4},"end":{"line":32,"column":null}},"13":{"start":{"line":35,"column":4},"end":{"line":35,"column":null}},"14":{"start":{"line":38,"column":4},"end":{"line":38,"column":22}},"15":{"start":{"line":41,"column":4},"end":{"line":41,"column":null}},"16":{"start":{"line":44,"column":4},"end":{"line":44,"column":24}},"17":{"start":{"line":3,"column":0},"end":{"line":3,"column":13}}},"fnMap":{"0":{"name":"(anonymous_0)","decl":{"start":{"line":8,"column":2},"end":{"line":8,"column":14}},"loc":{"start":{"line":8,"column":27},"end":{"line":12,"column":3}}},"1":{"name":"(anonymous_1)","decl":{"start":{"line":14,"column":2},"end":{"line":14,"column":11}},"loc":{"start":{"line":14,"column":45},"end":{"line":22,"column":3}}},"2":{"name":"(anonymous_2)","decl":{"start":{"line":18,"column":19},"end":{"line":18,"column":28}},"loc":{"start":{"line":18,"column":30},"end":{"line":20,"column":7}}},"3":{"name":"(anonymous_3)","decl":{"start":{"line":19,"column":47},"end":{"line":19,"column":55}},"loc":{"start":{"line":19,"column":59},"end":{"line":19,"column":80}}},"4":{"name":"(anonymous_4)","decl":{"start":{"line":24,"column":2},"end":{"line":24,"column":6}},"loc":{"start":{"line":24,"column":20},"end":{"line":33,"column":3}}},"5":{"name":"(anonymous_5)","decl":{"start":{"line":26,"column":27},"end":{"line":26,"column":35}},"loc":{"start":{"line":26,"column":38},"end":{"line":28,"column":5}}},"6":{"name":"(anonymous_6)","decl":{"start":{"line":29,"column":31},"end":{"line":29,"column":39}},"loc":{"start":{"line":29,"column":42},"end":{"line":31,"column":5}}},"7":{"name":"(anonymous_7)","decl":{"start":{"line":34,"column":2},"end":{"line":34,"column":6}},"loc":{"start":{"line":34,"column":40},"end":{"line":36,"column":3}}},"8":{"name":"(anonymous_8)","decl":{"start":{"line":37,"column":2},"end":{"line":37,"column":10}},"loc":{"start":{"line":37,"column":10},"end":{"line":39,"column":3}}},"9":{"name":"(anonymous_9)","decl":{"start":{"line":40,"column":2},"end":{"line":40,"column":10}},"loc":{"start":{"line":40,"column":18},"end":{"line":42,"column":3}}},"10":{"name":"(anonymous_10)","decl":{"start":{"line":43,"column":2},"end":{"line":43,"column":16}},"loc":{"start":{"line":43,"column":16},"end":{"line":45,"column":3}}}},"branchMap":{},"s":{"0":100,"1":100,"2":100,"3":0,"4":0,"5":0,"6":0,"7":0,"8":0,"9":0,"10":0,"11":0,"12":0,"13":0,"14":0,"15":0,"16":0,"17":1},"f":{"0":100,"1":0,"2":0,"3":0,"4":0,"5":0,"6":0,"7":0,"8":0,"9":0,"10":0},"b":{}}
}
