TN:
SF:app\tableCore\src\modules\Table.ts
FN:385,(anonymous_0)
FN:577,(anonymous_1)
FN:591,(anonymous_2)
FN:395,(anonymous_3)
FN:419,(anonymous_4)
FN:424,(anonymous_5)
FN:429,(anonymous_6)
FN:433,(anonymous_7)
FN:444,(anonymous_8)
FN:459,(anonymous_9)
FN:472,(anonymous_10)
FN:478,(anonymous_11)
FN:496,(anonymous_12)
FN:501,(anonymous_13)
FN:528,(anonymous_14)
FN:531,(anonymous_15)
FN:534,(anonymous_16)
FN:537,(anonymous_17)
FN:546,(anonymous_18)
FN:571,(anonymous_19)
FNF:20
FNH:13
FNDA:20,(anonymous_0)
FNDA:8,(anonymous_1)
FNDA:0,(anonymous_2)
FNDA:4,(anonymous_3)
FNDA:1,(anonymous_4)
FNDA:1,(anonymous_5)
FNDA:2,(anonymous_6)
FNDA:0,(anonymous_7)
FNDA:0,(anonymous_8)
FNDA:0,(anonymous_9)
FNDA:0,(anonymous_10)
FNDA:0,(anonymous_11)
FNDA:13,(anonymous_12)
FNDA:2,(anonymous_13)
FNDA:1,(anonymous_14)
FNDA:1,(anonymous_15)
FNDA:1,(anonymous_16)
FNDA:0,(anonymous_17)
FNDA:2,(anonymous_18)
FNDA:3,(anonymous_19)
DA:12,1
DA:13,1
DA:14,1
DA:376,1
DA:386,20
DA:387,20
DA:388,20
DA:389,20
DA:390,20
DA:391,20
DA:392,20
DA:396,4
DA:398,4
DA:399,4
DA:400,4
DA:401,4
DA:402,4
DA:404,4
DA:405,4
DA:406,4
DA:408,4
DA:409,4
DA:410,4
DA:412,4
DA:413,4
DA:415,4
DA:416,4
DA:417,4
DA:419,4
DA:420,1
DA:421,1
DA:424,4
DA:425,1
DA:426,1
DA:429,4
DA:430,2
DA:433,4
DA:434,0
DA:435,0
DA:438,4
DA:440,4
DA:442,4
DA:444,4
DA:445,0
DA:446,0
DA:447,0
DA:448,0
DA:449,0
DA:452,0
DA:453,0
DA:454,0
DA:456,0
DA:459,4
DA:460,0
DA:461,0
DA:462,0
DA:463,0
DA:464,0
DA:465,0
DA:466,0
DA:467,0
DA:468,0
DA:472,4
DA:473,0
DA:474,0
DA:475,0
DA:478,4
DA:480,4
DA:481,4
DA:482,4
DA:483,4
DA:484,4
DA:485,4
DA:486,4
DA:487,4
DA:488,4
DA:489,4
DA:490,4
DA:491,4
DA:492,4
DA:493,4
DA:498,13
DA:499,13
DA:501,13
DA:502,2
DA:505,13
DA:515,13
DA:516,7
DA:517,7
DA:518,7
DA:519,7
DA:520,7
DA:521,7
DA:522,7
DA:523,7
DA:524,7
DA:525,7
DA:526,7
DA:527,7
DA:528,7
DA:529,1
DA:531,7
DA:532,1
DA:534,7
DA:535,1
DA:537,7
DA:538,0
DA:539,0
DA:543,13
DA:544,13
DA:546,13
DA:547,13
DA:548,13
DA:549,13
DA:550,13
DA:551,7
DA:552,7
DA:553,7
DA:554,7
DA:555,7
DA:556,7
DA:557,7
DA:558,7
DA:561,13
DA:563,13
DA:564,7
DA:567,13
DA:568,13
DA:572,3
DA:573,3
DA:574,3
DA:577,20
DA:578,8
DA:579,8
DA:580,2
DA:582,8
DA:583,6
DA:584,6
DA:585,6
DA:586,4
DA:588,6
DA:591,20
DA:592,0
DA:593,0
DA:594,0
LF:145
LH:117
BRDA:385,0,0,0
BRDA:577,1,0,6
BRDA:579,2,0,2
BRDA:582,3,0,6
BRDA:585,4,0,4
BRDA:592,5,0,0
BRDA:592,6,0,0
BRDA:592,6,1,0
BRDA:420,7,0,1
BRDA:425,8,0,1
BRDA:445,9,0,0
BRDA:446,10,0,0
BRDA:446,10,1,0
BRDA:448,11,0,0
BRDA:460,12,0,0
BRDA:460,12,1,0
BRDA:460,13,0,0
BRDA:460,13,1,0
BRDA:464,14,0,0
BRDA:464,15,0,0
BRDA:464,15,1,0
BRDA:515,16,0,7
BRDA:550,17,0,7
BRDA:563,18,0,7
BRF:24
BRH:9
end_of_record
TN:
SF:env\helpers\appendRemoveChildDOMElements.ts
FN:2,appendChild
FN:8,removeChild
FNF:2
FNH:1
FNDA:141,appendChild
FNDA:0,removeChild
DA:2,1
DA:3,141
DA:4,141
DA:5,141
DA:8,1
DA:9,0
DA:10,0
DA:11,0
LF:8
LH:5
BRDA:3,0,0,0
BRDA:4,1,0,0
BRDA:9,2,0,0
BRDA:10,3,0,0
BRF:4
BRH:0
end_of_record
TN:
SF:env\helpers\createDOMElements.ts
FN:1,createElement
FN:14,createElementSvg
FNF:2
FNH:1
FNDA:162,createElement
FNDA:0,createElementSvg
DA:1,2
DA:2,162
DA:4,162
DA:5,162
DA:6,176
DA:7,176
DA:11,162
DA:14,2
DA:15,0
DA:17,0
DA:18,0
DA:19,0
DA:20,0
DA:24,0
LF:14
LH:8
BRDA:1,0,0,17
BRDA:4,1,0,162
BRDA:14,2,0,0
BRDA:17,3,0,0
BRF:4
BRH:2
end_of_record
TN:
SF:env\helpers\observable.ts
FN:8,(anonymous_0)
FN:14,(anonymous_1)
FN:18,(anonymous_2)
FN:19,(anonymous_3)
FN:24,(anonymous_4)
FN:26,(anonymous_5)
FN:29,(anonymous_6)
FN:34,(anonymous_7)
FN:37,(anonymous_8)
FN:40,(anonymous_9)
FN:43,(anonymous_10)
FNF:11
FNH:1
FNDA:100,(anonymous_0)
FNDA:0,(anonymous_1)
FNDA:0,(anonymous_2)
FNDA:0,(anonymous_3)
FNDA:0,(anonymous_4)
FNDA:0,(anonymous_5)
FNDA:0,(anonymous_6)
FNDA:0,(anonymous_7)
FNDA:0,(anonymous_8)
FNDA:0,(anonymous_9)
FNDA:0,(anonymous_10)
DA:3,1
DA:9,100
DA:10,100
DA:11,100
DA:15,0
DA:17,0
DA:19,0
DA:25,0
DA:26,0
DA:27,0
DA:29,0
DA:30,0
DA:32,0
DA:35,0
DA:38,0
DA:41,0
DA:44,0
LF:17
LH:4
BRF:0
BRH:0
end_of_record
